2020-10-14 12:58:49,932 [INFO] Activator:178 - 


2020-10-14 12:58:49,950 [INFO] Activator:179 - !SESSION log4j initialized
2020-10-14 12:58:56,209 [INFO] ApplicationProperties:181 - Using Application install path: D:\Programmes\ST\STM32CubeIDE_1.4.0\STM32CubeIDE\plugins\com.st.stm32cube.common.mx_6.0.0.202007160824
2020-10-14 12:58:56,258 [INFO] DbMcusXml:70 - Set database path to: D:\Programmes\ST\STM32CubeIDE_1.4.0\STM32CubeIDE\plugins\com.st.stm32cube.common.mx_6.0.0.202007160824\\db\/mcu/
2020-10-14 12:58:56,272 [INFO] DbBoardsPdsc:56 - Set plugin database path to: D:\Programmes\ST\STM32CubeIDE_1.4.0\STM32CubeIDE\plugins\com.st.stm32cube.common.mx_6.0.0.202007160824\\db\/plugins/boardmanager/
2020-10-14 12:58:56,273 [INFO] DbMcus:258 - Set plugin images path to: D:\Programmes\ST\STM32CubeIDE_1.4.0\STM32CubeIDE\plugins\com.st.stm32cube.common.mx_6.0.0.202007160824\\db\/plugins/mcufinder/images/
2020-10-14 12:58:56,282 [INFO] DbBoards:264 - Set plugin images path to: D:\Programmes\ST\STM32CubeIDE_1.4.0\STM32CubeIDE\plugins\com.st.stm32cube.common.mx_6.0.0.202007160824\\db\/plugins/mcufinder/images/
2020-10-14 12:58:56,291 [INFO] DbExamples:326 - Set plugin images path to: D:\Programmes\ST\STM32CubeIDE_1.4.0\STM32CubeIDE\plugins\com.st.stm32cube.common.mx_6.0.0.202007160824\\db\/plugins/mcufinder/images/
2020-10-14 12:58:56,358 [INFO] DbMcusDocs:112 - Set database path to: C:\Users\vanes\.stmcufinder\plugins\mcufinder//mcu/
2020-10-14 12:58:56,365 [INFO] DbMcusJson:63 - Set database path to: C:\Users\vanes\.stmcufinder\plugins\mcufinder//mcu/
2020-10-14 12:58:56,372 [INFO] DbBoardsDocs:112 - Set database path to: C:\Users\vanes\.stmcufinder\plugins\mcufinder//mcu/
2020-10-14 12:58:56,375 [INFO] DbBoardsJson:56 - Set database path to: C:\Users\vanes\.stmcufinder\plugins\mcufinder//mcu/
2020-10-14 12:58:56,393 [INFO] CrossReferenceDbSqlite:196 - Set database path to: C:\Users\vanes\.stmcufinder\plugins\mcufinder//mcu/cs/
2020-10-14 12:58:56,402 [INFO] DbExamplesSqlite:800 - Set database path to: C:\Users\vanes\.stmcufinder\plugins\mcufinder//mcu/
2020-10-14 12:58:56,728 [INFO] RulesReader:52 - Compatibility file has been processed (209 Rules)
2020-10-14 12:58:57,372 [INFO] MicroXplorer:564 - Detected Java Version = 1.8.0_252
2020-10-14 12:58:57,373 [INFO] DbMcusXml:70 - Set database path to: D:\Programmes\ST\STM32CubeIDE_1.4.0\STM32CubeIDE\plugins\com.st.stm32cube.common.mx_6.0.0.202007160824\\db\/mcu/
2020-10-14 12:58:57,374 [INFO] DbBoardsPdsc:56 - Set plugin database path to: D:\Programmes\ST\STM32CubeIDE_1.4.0\STM32CubeIDE\plugins\com.st.stm32cube.common.mx_6.0.0.202007160824\\db\/plugins/boardmanager/
2020-10-14 12:58:57,377 [INFO] DbMcus:258 - Set plugin images path to: D:\Programmes\ST\STM32CubeIDE_1.4.0\STM32CubeIDE\plugins\com.st.stm32cube.common.mx_6.0.0.202007160824\\db\/plugins/mcufinder/images/
2020-10-14 12:58:57,378 [INFO] DbBoards:264 - Set plugin images path to: D:\Programmes\ST\STM32CubeIDE_1.4.0\STM32CubeIDE\plugins\com.st.stm32cube.common.mx_6.0.0.202007160824\\db\/plugins/mcufinder/images/
2020-10-14 12:58:57,378 [INFO] DbExamples:326 - Set plugin images path to: D:\Programmes\ST\STM32CubeIDE_1.4.0\STM32CubeIDE\plugins\com.st.stm32cube.common.mx_6.0.0.202007160824\\db\/plugins/mcufinder/images/
2020-10-14 12:58:57,378 [WARN] DbFile:36 - Overriding database path with different value: C:\Users\vanes\.stmcufinder\plugins\mcufinder/ => C:\Users\vanes\.stmcufinder\plugins\mcufinder
2020-10-14 12:58:57,378 [INFO] DbMcusDocs:112 - Set database path to: C:\Users\vanes\.stmcufinder\plugins\mcufinder//mcu/
2020-10-14 12:58:57,378 [WARN] DbFile:36 - Overriding database path with different value: C:\Users\vanes\.stmcufinder\plugins\mcufinder/ => C:\Users\vanes\.stmcufinder\plugins\mcufinder
2020-10-14 12:58:57,381 [INFO] DbMcusJson:63 - Set database path to: C:\Users\vanes\.stmcufinder\plugins\mcufinder//mcu/
2020-10-14 12:58:57,381 [WARN] DbFile:36 - Overriding database path with different value: C:\Users\vanes\.stmcufinder\plugins\mcufinder/ => C:\Users\vanes\.stmcufinder\plugins\mcufinder
2020-10-14 12:58:57,382 [INFO] DbBoardsDocs:112 - Set database path to: C:\Users\vanes\.stmcufinder\plugins\mcufinder//mcu/
2020-10-14 12:58:57,383 [WARN] DbFile:36 - Overriding database path with different value: C:\Users\vanes\.stmcufinder\plugins\mcufinder/ => C:\Users\vanes\.stmcufinder\plugins\mcufinder
2020-10-14 12:58:57,383 [INFO] DbBoardsJson:56 - Set database path to: C:\Users\vanes\.stmcufinder\plugins\mcufinder//mcu/
2020-10-14 12:58:57,384 [WARN] DbFile:36 - Overriding database path with different value: C:\Users\vanes\.stmcufinder\plugins\mcufinder/ => C:\Users\vanes\.stmcufinder\plugins\mcufinder
2020-10-14 12:58:57,385 [WARN] DbFile:36 - Overriding database path with different value: C:\Users\vanes\.stmcufinder\plugins\mcufinder/ => C:\Users\vanes\.stmcufinder\plugins\mcufinder
2020-10-14 12:58:57,386 [INFO] CrossReferenceDbSqlite:196 - Set database path to: C:\Users\vanes\.stmcufinder\plugins\mcufinder//mcu/cs/
2020-10-14 12:58:57,386 [WARN] DbFile:36 - Overriding database path with different value: C:\Users\vanes\.stmcufinder\plugins\mcufinder/ => C:\Users\vanes\.stmcufinder\plugins\mcufinder
2020-10-14 12:58:57,387 [INFO] DbExamplesSqlite:800 - Set database path to: C:\Users\vanes\.stmcufinder\plugins\mcufinder//mcu/
2020-10-14 12:58:57,823 [INFO] MainPanel:189 - HeapMemory: 268435456
2020-10-14 12:58:58,153 [INFO] DbMcusXml:70 - Set database path to: D:\Programmes\ST\STM32CubeIDE_1.4.0\STM32CubeIDE\plugins\com.st.stm32cube.common.mx_6.0.0.202007160824\\db\/mcu/
2020-10-14 12:58:58,153 [INFO] DbBoardsPdsc:56 - Set plugin database path to: D:\Programmes\ST\STM32CubeIDE_1.4.0\STM32CubeIDE\plugins\com.st.stm32cube.common.mx_6.0.0.202007160824\\db\/plugins/boardmanager/
2020-10-14 12:58:58,153 [INFO] DbMcus:258 - Set plugin images path to: D:\Programmes\ST\STM32CubeIDE_1.4.0\STM32CubeIDE\plugins\com.st.stm32cube.common.mx_6.0.0.202007160824\\db\/plugins/mcufinder/images/
2020-10-14 12:58:58,153 [INFO] DbBoards:264 - Set plugin images path to: D:\Programmes\ST\STM32CubeIDE_1.4.0\STM32CubeIDE\plugins\com.st.stm32cube.common.mx_6.0.0.202007160824\\db\/plugins/mcufinder/images/
2020-10-14 12:58:58,153 [INFO] DbExamples:326 - Set plugin images path to: D:\Programmes\ST\STM32CubeIDE_1.4.0\STM32CubeIDE\plugins\com.st.stm32cube.common.mx_6.0.0.202007160824\\db\/plugins/mcufinder/images/
2020-10-14 12:58:58,166 [WARN] DbFile:36 - Overriding database path with different value: C:\Users\vanes\.stmcufinder\plugins\mcufinder/ => C:\Users\vanes\.stmcufinder\plugins\mcufinder
2020-10-14 12:58:58,168 [INFO] DbMcusDocs:112 - Set database path to: C:\Users\vanes\.stmcufinder\plugins\mcufinder//mcu/
2020-10-14 12:58:58,168 [WARN] DbFile:36 - Overriding database path with different value: C:\Users\vanes\.stmcufinder\plugins\mcufinder/ => C:\Users\vanes\.stmcufinder\plugins\mcufinder
2020-10-14 12:58:58,168 [INFO] DbMcusJson:63 - Set database path to: C:\Users\vanes\.stmcufinder\plugins\mcufinder//mcu/
2020-10-14 12:58:58,169 [WARN] DbFile:36 - Overriding database path with different value: C:\Users\vanes\.stmcufinder\plugins\mcufinder/ => C:\Users\vanes\.stmcufinder\plugins\mcufinder
2020-10-14 12:58:58,169 [INFO] DbBoardsDocs:112 - Set database path to: C:\Users\vanes\.stmcufinder\plugins\mcufinder//mcu/
2020-10-14 12:58:58,169 [WARN] DbFile:36 - Overriding database path with different value: C:\Users\vanes\.stmcufinder\plugins\mcufinder/ => C:\Users\vanes\.stmcufinder\plugins\mcufinder
2020-10-14 12:58:58,169 [INFO] DbBoardsJson:56 - Set database path to: C:\Users\vanes\.stmcufinder\plugins\mcufinder//mcu/
2020-10-14 12:58:58,169 [WARN] DbFile:36 - Overriding database path with different value: C:\Users\vanes\.stmcufinder\plugins\mcufinder/ => C:\Users\vanes\.stmcufinder\plugins\mcufinder
2020-10-14 12:58:58,169 [WARN] DbFile:36 - Overriding database path with different value: C:\Users\vanes\.stmcufinder\plugins\mcufinder/ => C:\Users\vanes\.stmcufinder\plugins\mcufinder
2020-10-14 12:58:58,169 [INFO] CrossReferenceDbSqlite:196 - Set database path to: C:\Users\vanes\.stmcufinder\plugins\mcufinder//mcu/cs/
2020-10-14 12:58:58,169 [WARN] DbFile:36 - Overriding database path with different value: C:\Users\vanes\.stmcufinder\plugins\mcufinder/ => C:\Users\vanes\.stmcufinder\plugins\mcufinder
2020-10-14 12:58:58,169 [INFO] DbExamplesSqlite:800 - Set database path to: C:\Users\vanes\.stmcufinder\plugins\mcufinder//mcu/
2020-10-14 12:58:58,265 [INFO] ApplicationProperties:181 - Using Application install path: D:\Programmes\ST\STM32CubeIDE_1.4.0\STM32CubeIDE\plugins\com.st.stm32cube.common.mx_6.0.0.202007160824
2020-10-14 12:58:58,269 [INFO] PluginManage:178 - Search for loadable plugins [exclusion list=, ]
2020-10-14 12:58:58,282 [INFO] PluginManage:292 - Check plugin analytics
2020-10-14 12:59:03,284 [INFO] AnalyticsPlugin:203 - Accepted Software Licenses: STM32CubeMX.6.0.1
2020-10-14 12:59:03,285 [INFO] AnalyticsPlugin:205 - Accepted CMSIS Pack Licenses: 
2020-10-14 12:59:03,285 [INFO] AnalyticsPlugin:207 - Accepted Firmware Licenses: 
2020-10-14 12:59:03,285 [INFO] PluginManage:342 - Loaded plugin analytics (category:tool,tabindex:-1)
2020-10-14 12:59:03,286 [INFO] PluginManage:292 - Check plugin clock
2020-10-14 12:59:03,321 [INFO] PluginManage:342 - Loaded plugin clock (category:base,tabindex:2)
2020-10-14 12:59:03,321 [INFO] PluginManage:292 - Check plugin ddr
2020-10-14 12:59:03,330 [INFO] PluginManage:342 - Loaded plugin ddr (category:tool,tabindex:6)
2020-10-14 12:59:03,331 [INFO] PluginManage:292 - Check plugin filemanager
2020-10-14 12:59:03,808 [INFO] PluginManage:342 - Loaded plugin filemanager (category:base,tabindex:10)
2020-10-14 12:59:03,808 [INFO] PluginManage:292 - Check plugin ipmanager
2020-10-14 12:59:03,865 [INFO] PluginManage:342 - Loaded plugin ipmanager (category:base,tabindex:5)
2020-10-14 12:59:03,865 [INFO] PluginManage:292 - Check plugin pinoutandconfiguration
2020-10-14 12:59:03,904 [INFO] PluginManage:342 - Loaded plugin pinoutandconfiguration (category:base,tabindex:1)
2020-10-14 12:59:03,904 [INFO] PluginManage:292 - Check plugin pinoutconfig
2020-10-14 12:59:04,026 [INFO] PluginManage:342 - Loaded plugin pinoutconfig (category:base,tabindex:0)
2020-10-14 12:59:04,026 [INFO] PluginManage:292 - Check plugin power
2020-10-14 12:59:04,073 [INFO] PluginManage:342 - Loaded plugin power (category:power,tabindex:4)
2020-10-14 12:59:04,073 [INFO] PluginManage:292 - Check plugin projectmanager
2020-10-14 12:59:04,105 [INFO] PluginManage:342 - Loaded plugin projectmanager (category:projectmanager,tabindex:3)
2020-10-14 12:59:04,105 [INFO] PluginManage:292 - Check plugin thirdparty
2020-10-14 12:59:04,322 [INFO] ThirdPartyDb:333 - Open Third Party DataBase File (C:/Users/vanes/.stm32cubemx/plugins/thirdparty/db/thirdparties_db.xml) : 47 ms. number of Sw pack : 27
2020-10-14 12:59:04,329 [INFO] PluginManage:342 - Loaded plugin thirdparty (category:base,tabindex:-1)
2020-10-14 12:59:04,329 [INFO] PluginManage:292 - Check plugin tools
2020-10-14 12:59:04,424 [INFO] PluginManage:342 - Loaded plugin tools (category:base,tabindex:7)
2020-10-14 12:59:04,424 [INFO] PluginManage:292 - Check plugin tutovideos
2020-10-14 12:59:04,797 [INFO] PluginManage:342 - Loaded plugin tutovideos (category:base,tabindex:-1)
2020-10-14 12:59:04,797 [INFO] PluginManage:292 - Check plugin updater
2020-10-14 12:59:04,848 [INFO] PluginManage:342 - Loaded plugin updater (category:base,tabindex:12)
2020-10-14 12:59:04,849 [INFO] PluginManage:265 - PluginManage : Loaded plugins [13]
2020-10-14 12:59:05,385 [INFO] PinOutPanel:1418 - setPackage(No Configuration,No Configuration)
2020-10-14 12:59:05,808 [INFO] IPUIPlugin:64 - create IPUIPlugin
2020-10-14 12:59:05,812 [INFO] PluginManager:200 - loadIPPluginJar : add adc
2020-10-14 12:59:05,897 [INFO] IPUIPlugin:64 - create IPUIPlugin
2020-10-14 12:59:05,897 [INFO] PluginManager:200 - loadIPPluginJar : add aes
2020-10-14 12:59:06,015 [INFO] IPUIPlugin:64 - create IPUIPlugin
2020-10-14 12:59:06,016 [INFO] PluginManager:200 - loadIPPluginJar : add can
2020-10-14 12:59:06,068 [INFO] IPUIPlugin:64 - create IPUIPlugin
2020-10-14 12:59:06,072 [INFO] PluginManager:200 - loadIPPluginJar : add comp
2020-10-14 12:59:06,115 [INFO] IPUIPlugin:64 - create IPUIPlugin
2020-10-14 12:59:06,115 [INFO] PluginManager:200 - loadIPPluginJar : add cryp
2020-10-14 12:59:06,183 [INFO] IPUIPlugin:64 - create IPUIPlugin
2020-10-14 12:59:06,184 [INFO] PluginManager:200 - loadIPPluginJar : add dfsdm
2020-10-14 12:59:06,200 [INFO] IPUIPlugin:64 - create IPUIPlugin
2020-10-14 12:59:06,200 [INFO] PluginManager:200 - loadIPPluginJar : add dma
2020-10-14 12:59:06,238 [INFO] IPUIPlugin:64 - create IPUIPlugin
2020-10-14 12:59:06,238 [INFO] PluginManager:200 - loadIPPluginJar : add fatfs
2020-10-14 12:59:06,354 [INFO] IPUIPlugin:64 - create IPUIPlugin
2020-10-14 12:59:06,354 [INFO] PluginManager:200 - loadIPPluginJar : add fmc
2020-10-14 12:59:06,387 [INFO] IPUIPlugin:64 - create IPUIPlugin
2020-10-14 12:59:06,390 [INFO] PluginManager:200 - loadIPPluginJar : add freertos
2020-10-14 12:59:06,434 [INFO] IPUIPlugin:64 - create IPUIPlugin
2020-10-14 12:59:06,437 [INFO] PluginManager:200 - loadIPPluginJar : add genericplugin
2020-10-14 12:59:06,551 [INFO] IPUIPlugin:64 - create IPUIPlugin
2020-10-14 12:59:06,555 [INFO] PluginManager:200 - loadIPPluginJar : add gfxmmu
2020-10-14 12:59:06,857 [INFO] IPUIPlugin:64 - create IPUIPlugin
2020-10-14 12:59:06,861 [INFO] PluginManager:200 - loadIPPluginJar : add gic
2020-10-14 12:59:06,943 [INFO] IPUIPlugin:64 - create IPUIPlugin
2020-10-14 12:59:06,943 [INFO] PluginManager:200 - loadIPPluginJar : add gpio
2020-10-14 12:59:07,063 [INFO] IPUIPlugin:64 - create IPUIPlugin
2020-10-14 12:59:07,063 [INFO] PluginManager:200 - loadIPPluginJar : add gtzc
2020-10-14 12:59:07,107 [INFO] IPUIPlugin:64 - create IPUIPlugin
2020-10-14 12:59:07,107 [INFO] PluginManager:200 - loadIPPluginJar : add hash
2020-10-14 12:59:07,171 [INFO] IPUIPlugin:64 - create IPUIPlugin
2020-10-14 12:59:07,171 [INFO] PluginManager:200 - loadIPPluginJar : add i2c
2020-10-14 12:59:07,226 [INFO] IPUIPlugin:64 - create IPUIPlugin
2020-10-14 12:59:07,230 [INFO] PluginManager:200 - loadIPPluginJar : add i2s
2020-10-14 12:59:07,247 [INFO] IPUIPlugin:64 - create IPUIPlugin
2020-10-14 12:59:07,247 [INFO] PluginManager:200 - loadIPPluginJar : add ipddr
2020-10-14 12:59:07,367 [INFO] IPUIPlugin:64 - create IPUIPlugin
2020-10-14 12:59:07,367 [INFO] PluginManager:200 - loadIPPluginJar : add ltdc
2020-10-14 12:59:07,394 [INFO] IPUIPlugin:64 - create IPUIPlugin
2020-10-14 12:59:07,394 [INFO] PluginManager:200 - loadIPPluginJar : add mdma
2020-10-14 12:59:07,415 [INFO] IPUIPlugin:64 - create IPUIPlugin
2020-10-14 12:59:07,415 [INFO] PluginManager:200 - loadIPPluginJar : add nvic
2020-10-14 12:59:07,482 [INFO] IPUIPlugin:64 - create IPUIPlugin
2020-10-14 12:59:07,482 [INFO] PluginManager:200 - loadIPPluginJar : add opamp
2020-10-14 12:59:07,564 [INFO] IPUIPlugin:64 - create IPUIPlugin
2020-10-14 12:59:07,564 [INFO] PluginManager:200 - loadIPPluginJar : add openamp
2020-10-14 12:59:07,684 [INFO] IPUIPlugin:64 - create IPUIPlugin
2020-10-14 12:59:07,684 [INFO] PluginManager:200 - loadIPPluginJar : add pdm2pcm
2020-10-14 12:59:07,730 [INFO] IPUIPlugin:64 - create IPUIPlugin
2020-10-14 12:59:07,739 [INFO] PluginManager:200 - loadIPPluginJar : add plateformsettings
2020-10-14 12:59:07,796 [INFO] IPUIPlugin:64 - create IPUIPlugin
2020-10-14 12:59:07,796 [INFO] PluginManager:200 - loadIPPluginJar : add quadspi
2020-10-14 12:59:07,824 [INFO] IPUIPlugin:64 - create IPUIPlugin
2020-10-14 12:59:07,824 [INFO] PluginManager:200 - loadIPPluginJar : add resmgrutility
2020-10-14 12:59:07,903 [INFO] IPUIPlugin:64 - create IPUIPlugin
2020-10-14 12:59:07,903 [INFO] PluginManager:200 - loadIPPluginJar : add sai
2020-10-14 12:59:07,971 [INFO] IPUIPlugin:64 - create IPUIPlugin
2020-10-14 12:59:07,971 [INFO] PluginManager:200 - loadIPPluginJar : add spi
2020-10-14 12:59:08,075 [INFO] IPUIPlugin:64 - create IPUIPlugin
2020-10-14 12:59:08,075 [INFO] PluginManager:200 - loadIPPluginJar : add stm32_wpan
2020-10-14 12:59:08,159 [INFO] IPUIPlugin:64 - create IPUIPlugin
2020-10-14 12:59:08,159 [INFO] PluginManager:200 - loadIPPluginJar : add tim
2020-10-14 12:59:08,325 [INFO] IPUIPlugin:64 - create IPUIPlugin
2020-10-14 12:59:08,330 [INFO] PluginManager:200 - loadIPPluginJar : add touchsensing
2020-10-14 12:59:08,390 [INFO] IPUIPlugin:64 - create IPUIPlugin
2020-10-14 12:59:08,391 [INFO] PluginManager:200 - loadIPPluginJar : add tracer_emb
2020-10-14 12:59:08,430 [INFO] IPUIPlugin:64 - create IPUIPlugin
2020-10-14 12:59:08,430 [INFO] PluginManager:200 - loadIPPluginJar : add ts
2020-10-14 12:59:08,461 [INFO] IPUIPlugin:64 - create IPUIPlugin
2020-10-14 12:59:08,461 [INFO] PluginManager:200 - loadIPPluginJar : add tsc
2020-10-14 12:59:08,499 [INFO] IPUIPlugin:64 - create IPUIPlugin
2020-10-14 12:59:08,499 [INFO] PluginManager:200 - loadIPPluginJar : add ucpd
2020-10-14 12:59:08,563 [INFO] IPUIPlugin:64 - create IPUIPlugin
2020-10-14 12:59:08,564 [INFO] PluginManager:200 - loadIPPluginJar : add usart
2020-10-14 12:59:09,817 [INFO] CubeProgrammer:457 - [DDR PANEL] - PathOfProgrammer: null
2020-10-14 12:59:10,852 [FATAL] Updater:282 - Updater called before beeing initialized
2020-10-14 12:59:11,520 [FATAL] Updater:282 - Updater called before beeing initialized
2020-10-14 12:59:11,520 [WARN] ThirdParty:775 - waiting for thirdparty lock release [close project]
2020-10-14 12:59:11,520 [INFO] ThirdParty:777 - entering critical section [close project]
2020-10-14 12:59:11,520 [INFO] ThirdParty:790 - exiting critical section [close project]
2020-10-14 12:59:11,525 [INFO] PinOutPanel:1418 - setPackage(No Configuration,No Configuration)
2020-10-14 12:59:11,527 [FATAL] Updater:282 - Updater called before beeing initialized
2020-10-14 12:59:11,558 [ERROR] Updater:967 - MainUpdater not yet initialized. External WinMGr cannot be set.
2020-10-14 12:59:11,560 [INFO] CubeProgrammer:457 - [DDR PANEL] - PathOfProgrammer: D:\Programmes\ST\STM32CubeIDE_1.4.0\STM32CubeIDE\plugins\com.st.stm32cube.ide.mcu.externaltools.cubeprogrammer.win32_1.4.0.202007081208\tools\bin
2020-10-14 12:59:11,573 [INFO] ProgrammerExecThread:148 - [ProgrammerAPI] CubeProgrammer command construction: D:\Programmes\ST\STM32CubeIDE_1.4.0\STM32CubeIDE\plugins\com.st.stm32cube.ide.mcu.externaltools.cubeprogrammer.win32_1.4.0.202007081208\tools\bin\STM32_Programmer_CLI.exe -l
2020-10-14 12:59:13,186 [INFO] MainDdrPanel:49 - [DDR PANEL] SETTER - Set cubeProgrammerPath to: D:\Programmes\ST\STM32CubeIDE_1.4.0\STM32CubeIDE\plugins\com.st.stm32cube.ide.mcu.externaltools.cubeprogrammer.win32_1.4.0.202007081208\tools\bin
2020-10-14 12:59:13,724 [INFO] Updater:904 - Updater Version found : 6.0.0
2020-10-14 12:59:13,804 [INFO] ApplicationProperties:181 - Using Application install path: D:\Programmes\ST\STM32CubeIDE_1.4.0\STM32CubeIDE\plugins\com.st.stm32cube.common.mx_6.0.0.202007160824
2020-10-14 12:59:14,903 [INFO] MainUpdater:2268 - connection check result : 10
2020-10-14 12:59:14,905 [INFO] MainUpdater:239 - Updater Check For Update Now.
2020-10-14 12:59:14,905 [INFO] MicroXplorer:414 - Change Database Version : DB.6.0.0
2020-10-14 12:59:15,052 [INFO] CheckServerUpdateThread:102 - End of CheckServer Thread
2020-10-14 12:59:15,126 [INFO] MainUpdater:2268 - connection check result : 10
2020-10-14 12:59:16,110 [INFO] McuFinderGlobals:40 - Set McuFinder mode to 2 (CubeIDE integrated)
2020-10-14 12:59:16,367 [WARN] IntegrityCheckThread:61 - waiting for thirdparty lock release [integrity check]
2020-10-14 12:59:16,367 [INFO] IntegrityCheckThread:63 - entering critical section [integrity check]
2020-10-14 12:59:16,544 [INFO] ThirdPartyDb:299 - Save Third Party DataBase File (C:/Users/vanes/.stm32cubemx/plugins/thirdparty/db/thirdparties_db.xml) [forced]
2020-10-14 12:59:16,652 [INFO] ThirdPartyDb:299 - Save Third Party DataBase File (C:/Users/vanes/.stm32cubemx/plugins/thirdparty/db/thirdparties_db.xml) [forced]
2020-10-14 12:59:16,700 [INFO] IntegrityCheckThread:76 - exiting critical section [integrity check]
2020-10-14 12:59:16,701 [INFO] IntegrityCheckThread:79 - End integrity checks thread
2020-10-14 12:59:17,253 [INFO] CrossSelectorPresenter:1330 - Cross Selector saved comparison directory: C:\Users\vanes\.stmcufinder\plugins\mcufinder\mcu\cs_comparisons_mx
2020-10-14 12:59:17,272 [INFO] MultiScanPanel:193 - Auto-refresh data requested => check proxy status ongoing
2020-10-14 12:59:17,278 [INFO] FinderPluginLoader:87 - Searching for filters in installed packs
2020-10-14 12:59:17,279 [INFO] DbMcusXml:100 - Load MCU database from D:\Programmes\ST\STM32CubeIDE_1.4.0\STM32CubeIDE\plugins\com.st.stm32cube.common.mx_6.0.0.202007160824\\db\/mcu/families.xml
2020-10-14 12:59:18,260 [INFO] DbMcusJson:92 - JSON generation date=Mon Sep 28 16:14:50 UTC 2020 (1601309690)
2020-10-14 12:59:19,515 [INFO] DbMcus:175 - Found 1761 MCUs (1722 are supported by CubeMX, 1735 are visible in CubeMX)
2020-10-14 12:59:19,517 [INFO] ApiDb:201 - Load user favorites file C:\Users\vanes/.stm32cubeide/favorites.mcus.txt: 0 item(s)
2020-10-14 12:59:19,518 [INFO] ApiDb:205 - User favorites MCUs=[]
2020-10-14 12:59:19,518 [INFO] DbMcus:187 - Set 0 / 0 favorites MCUs
2020-10-14 12:59:20,367 [INFO] LoadUrlFilesThread:162 - End of LoadServerUrlFiles without Thread
2020-10-14 12:59:20,476 [INFO] DetailPanel:331 - Set advertising image to C:/Users/vanes/STM32Cube/Repository/\stm32cubemx-promo_image.jpg
2020-10-14 12:59:21,065 [INFO] McuFilterPanel:245 - Update 0 favorites MCUs
2020-10-14 12:59:21,219 [INFO] DbBoardsPdsc:94 - Found 23 items
2020-10-14 12:59:21,234 [INFO] DbBoardsPdsc:94 - Found 9 items
2020-10-14 12:59:21,249 [INFO] DbBoardsPdsc:94 - Found 29 items
2020-10-14 12:59:21,268 [INFO] DbBoardsPdsc:94 - Found 1 items
2020-10-14 12:59:21,294 [INFO] DbBoardsPdsc:94 - Found 44 items
2020-10-14 12:59:21,308 [INFO] DbBoardsPdsc:94 - Found 40 items
2020-10-14 12:59:21,318 [INFO] DbBoardsPdsc:94 - Found 2 items
2020-10-14 12:59:21,343 [INFO] DbBoardsPdsc:94 - Found 4 items
2020-10-14 12:59:21,360 [WARN] DbBoardsPdsc:258 - Board STM32H7B3I-DK: unknown feature type=Audio, name=, username=Audio stereo codec with Headphone Amp (CS42L51-CNZ), n=1
2020-10-14 12:59:21,361 [WARN] DbBoardsPdsc:258 - Board STM32H735G-DK: unknown feature type=Audio, name=, username=Audio stereo codec with Headphone Amp (WM8994ECS/R), n=1
2020-10-14 12:59:21,368 [WARN] DbBoardsPdsc:258 - Board STM32H7B3I-EVAL: unknown feature type=Audio, name=, username=Multi-Channel Audio Codec (CS42L51-CNZ), n=1
2020-10-14 12:59:21,369 [WARN] DbBoardsPdsc:258 - Board STM32H7B3I-EVAL: unknown feature type=Meter, name=, username=Power-metering and Temperature-monitoring with sigma-delta modulators, n=1
2020-10-14 12:59:21,369 [WARN] DbBoardsPdsc:258 - Board STM32H7B3I-EVAL: unknown feature type=Motor, name=, username=Motor Control, n=1
2020-10-14 12:59:21,403 [INFO] DbBoardsJson:85 - JSON generation date=Mon Sep 28 13:22:09 UTC 2020 (1601299329)
2020-10-14 12:59:21,416 [INFO] DbBoards:117 - Found 153 boards (149 are supported by CubeMX)
2020-10-14 12:59:21,441 [INFO] DbBoardsDocs:145 - JSON generation date=Mon Sep 28 16:14:50 UTC 2020 (1601309690)
2020-10-14 12:59:21,459 [INFO] DbBoardsDocs:81 - Found 189 boards documents
2020-10-14 12:59:21,461 [WARN] DbBoards:127 - board B-L462E-CELL1 has no document id list !
2020-10-14 12:59:21,461 [WARN] DbBoards:127 - board B-L475E-IOT01A2 has no document id list !
2020-10-14 12:59:21,462 [WARN] DbBoards:127 - board NUCLEO-G491RE has no document id list !
2020-10-14 12:59:21,462 [WARN] DbBoards:127 - board NUCLEO-H743ZI2 has no document id list !
2020-10-14 12:59:21,463 [WARN] DbBoards:127 - board NUCLEO-WB35CE has no document id list !
2020-10-14 12:59:21,463 [WARN] DbBoards:127 - board NUCLEO-WB55RG has no document id list !
2020-10-14 12:59:21,463 [WARN] DbBoards:127 - board P-NUCLEO-WB55-Nucleo has no document id list !
2020-10-14 12:59:21,463 [WARN] DbBoards:127 - board P-NUCLEO-WB55-USBDongle has no document id list !
2020-10-14 12:59:21,464 [WARN] DbBoards:127 - board STEVAL-BFA001V1B has no document id list !
2020-10-14 12:59:21,464 [WARN] DbBoards:127 - board STEVAL-BFA001V2B has no document id list !
2020-10-14 12:59:21,464 [WARN] DbBoards:127 - board STEVAL-IDP005V1 has no document id list !
2020-10-14 12:59:21,464 [WARN] DbBoards:127 - board STEVAL-IDP005V2 has no document id list !
2020-10-14 12:59:21,464 [WARN] DbBoards:127 - board STEVAL-MKSBOX1V1 has no document id list !
2020-10-14 12:59:21,464 [WARN] DbBoards:127 - board STEVAL-STWINKT1 has no document id list !
2020-10-14 12:59:21,466 [WARN] DbBoards:127 - board STM32F401C-DISCO has no document id list !
2020-10-14 12:59:21,466 [WARN] DbBoards:127 - board STM32F769I-DISC1 has no document id list !
2020-10-14 12:59:21,466 [WARN] DbBoards:127 - board STM32G474E-EVAL1 has no document id list !
2020-10-14 12:59:21,467 [WARN] DbBoards:149 - board STM32H735G-DK / document id not found: 4653
2020-10-14 12:59:21,467 [WARN] DbBoards:127 - board STM32H743I-EVAL2 has no document id list !
2020-10-14 12:59:21,467 [WARN] DbBoards:127 - board STM32H747I-DISC1 has no document id list !
2020-10-14 12:59:21,467 [WARN] DbBoards:127 - board STM32H753I-EVAL2 has no document id list !
2020-10-14 12:59:21,467 [WARN] DbBoards:127 - board STM32L-DISCOVERY has no document id list !
2020-10-14 12:59:21,467 [WARN] DbBoards:127 - board STM32MP157A-DK1 has no document id list !
2020-10-14 12:59:21,467 [WARN] DbBoards:127 - board STM32MP157F-EV1 has no document id list !
2020-10-14 12:59:21,694 [ERROR] DbBoards:192 - No image file URL for board B-L462E-CELL1
2020-10-14 12:59:22,201 [ERROR] DbBoards:192 - No image file URL for board NUCLEO-WB35CE
2020-10-14 12:59:24,891 [INFO] ApiDb:201 - Load user favorites file C:\Users\vanes/.stm32cubeide/favorites.boards.txt: 0 item(s)
2020-10-14 12:59:24,892 [INFO] ApiDb:205 - User favorites Boards=[]
2020-10-14 12:59:24,892 [INFO] DbBoards:206 - Set 0 / 0 favorites Boards
2020-10-14 12:59:34,682 [INFO] MultiScanPanel:193 - Auto-refresh data requested => check proxy status ongoing
2020-10-14 12:59:34,805 [INFO] LoadUrlFilesThread:162 - End of LoadServerUrlFiles without Thread
2020-10-14 12:59:34,805 [INFO] DetailPanel:331 - Set advertising image to C:/Users/vanes/STM32Cube/Repository/\stm32cubemx-promo_image.jpg
2020-10-14 12:59:34,838 [INFO] BoardFilterPanel:214 - Update 0 favorites Boards
2020-10-14 12:59:58,036 [INFO] BoardDetailPanel:112 - Mark Board NUCLEO-F103RB as favorite
2020-10-14 12:59:58,949 [INFO] BoardDetailPanel:112 - Unmark Board NUCLEO-F103RB as favorite
2020-10-14 12:59:59,517 [INFO] BoardDetailPanel:112 - Mark Board NUCLEO-F103RB as favorite
2020-10-14 13:00:07,428 [INFO] BoardResultTable:599 - Unmark Board NUCLEO-F103RB as favorite
2020-10-14 13:00:39,240 [INFO] LogOutputStream:76 - [STDOUT_REDIRECT] withoutVersionV1.8.2
2020-10-14 13:00:39,241 [INFO] LogOutputStream:76 - [STDOUT_REDIRECT] withoutVersionV1.8.1
2020-10-14 13:00:39,242 [INFO] LogOutputStream:76 - [STDOUT_REDIRECT] withoutVersionV1.8.0
2020-10-14 13:00:46,931 [INFO] MainUpdater:2268 - connection check result : 10
2020-10-14 13:00:46,932 [INFO] MainUpdater:2268 - connection check result : 10
2020-10-14 13:00:47,238 [INFO] MicroXplorer:384 - Change Database Path : 
2020-10-14 13:00:47,241 [INFO] MicroXplorer:414 - Change Database Version : DB.6.0.0
2020-10-14 13:00:47,242 [WARN] ThirdParty:775 - waiting for thirdparty lock release [close project]
2020-10-14 13:00:47,242 [INFO] ThirdParty:777 - entering critical section [close project]
2020-10-14 13:00:47,245 [INFO] ThirdParty:790 - exiting critical section [close project]
2020-10-14 13:00:47,259 [INFO] PinOutPanel:1418 - setPackage(No Configuration,No Configuration)
2020-10-14 13:00:47,261 [INFO] UtilMem:74 - Begin LoadConfig() Used Memory: 469642552 Bytes (763363328)
2020-10-14 13:00:47,266 [INFO] OpenFileManager:274 - Change cursor
2020-10-14 13:00:49,350 [INFO] Rule:211 - rule SPDIFRX instance for mcu is applicable
2020-10-14 13:00:49,350 [INFO] Rule:211 - rule Rename Tracer Mode is applicable
2020-10-14 13:00:49,350 [INFO] Rule:211 - rule SPDIFRX instance value for IP SPDIFRX is applicable
2020-10-14 13:00:49,350 [INFO] Rule:211 - rule SPDIFRX instance for signal is applicable
2020-10-14 13:00:49,350 [INFO] Rule:211 - rule SPDIFRX instance for project manager is applicable
2020-10-14 13:00:49,350 [INFO] Rule:211 - rule SPDIFRX instance for project manager is applicable
2020-10-14 13:00:49,350 [INFO] Rule:211 - rule ADC Scan  fix with FW F7 is applicable
2020-10-14 13:00:49,350 [INFO] Rule:211 - rule ADC Scan  fix with FW F7 is applicable
2020-10-14 13:00:49,350 [INFO] Rule:211 - rule UART/USART WORD LENGTH 7 is applicable
2020-10-14 13:00:49,350 [INFO] Rule:211 - rule UART/USART WORD LENGTH 8 is applicable
2020-10-14 13:00:49,350 [INFO] Rule:211 - rule UART/USART WORD LENGTH 9 is applicable
2020-10-14 13:00:49,350 [INFO] Rule:211 - rule ADC SamplingTime fix with FW L0  is applicable
2020-10-14 13:00:49,350 [INFO] Rule:211 - rule ADC SamplingTime fix with FW L0  is applicable
2020-10-14 13:00:49,350 [INFO] Rule:211 - rule ADC SamplingTime fix with FW L0 is applicable
2020-10-14 13:00:49,350 [INFO] Rule:211 - rule ADC SamplingTime fix with FW L0 is applicable
2020-10-14 13:00:49,350 [INFO] Rule:211 - rule ADC SamplingTime fix with FW L0  is applicable
2020-10-14 13:00:49,350 [INFO] Rule:211 - rule ADC SamplingTime fix with FW L0 is applicable
2020-10-14 13:00:49,350 [INFO] Rule:211 - rule Rename USB_OE Signal is applicable
2020-10-14 13:00:49,350 [INFO] Rule:211 - rule Rename Activate_OE Mode is applicable
2020-10-14 13:00:49,350 [INFO] Rule:211 - rule Rename DIE462/DIE415 pin PC14/OSC32_IN -> PC14-OSC32_IN (PC14) is applicable
2020-10-14 13:00:49,350 [INFO] Rule:211 - rule Rename DIE462/DIE415 pin PC15/OSC32_OUT -> PC15-OSC32_OUT (PC15) is applicable
2020-10-14 13:00:49,350 [INFO] Rule:211 - rule Rename DIE462/DIE415 pin PH0/OSC_IN -> PH0-OSC_IN (PH0) is applicable
2020-10-14 13:00:49,350 [INFO] Rule:211 - rule Rename DIE462/DIE415 pin PH1/OSC_OUT -> PH1-OSC_OUT (PH1) is applicable
2020-10-14 13:00:49,350 [INFO] Rule:211 - rule Rename DIE462 pin PA13 -> PA13 (JTMS/SWDIO) is applicable
2020-10-14 13:00:49,354 [INFO] Rule:211 - rule Rename DIE415 pin PA13 -> PA13 (JTMS/SWDIO) is applicable
2020-10-14 13:00:49,354 [INFO] Rule:211 - rule Rename DIE462 pin PA14 -> PA14 (JTCK/SWCLK) is applicable
2020-10-14 13:00:49,354 [INFO] Rule:211 - rule Rename DIE415 pin PA14 -> PA14 (JTCK/SWCLK) is applicable
2020-10-14 13:00:49,354 [INFO] Rule:211 - rule Rename DIE462/DIE415 pin PA15 -> PA15 (JTDI) is applicable
2020-10-14 13:00:49,354 [INFO] Rule:211 - rule Rename DIE462 pin PB3 -> PB3 (JTD0/TRACESWO) is applicable
2020-10-14 13:00:49,354 [INFO] Rule:211 - rule Rename DIE415 pin PB3 -> PB3 (JTD0-TRACESWO) is applicable
2020-10-14 13:00:49,354 [INFO] Rule:211 - rule Rename DIE462/DIE415 pin PB4 -> PB4 (NJTRST) is applicable
2020-10-14 13:00:49,354 [INFO] Rule:211 - rule Rename DIE462 pin PH3/BOOT0 -> PH3-BOOT0 (BOOT0) is applicable
2020-10-14 13:00:49,354 [INFO] Rule:211 - rule Rename CRYP DataEncryptionTypesList to Algorithm is applicable
2020-10-14 13:00:49,354 [INFO] Rule:211 - rule Rename AES DataEncryptionTypesList to Algorithm is applicable
2020-10-14 13:00:49,354 [INFO] Rule:211 - rule Rename TDESECB to CRYP_TDES_ECB is applicable
2020-10-14 13:00:49,354 [INFO] Rule:211 - rule Rename TDESCBC to CRYP_TDES_CBC is applicable
2020-10-14 13:00:49,354 [INFO] Rule:211 - rule Rename DESECB to CRYP_DES_ECB is applicable
2020-10-14 13:00:49,354 [INFO] Rule:211 - rule Rename DESCBC to CRYP_DES_CBC is applicable
2020-10-14 13:00:49,354 [INFO] Rule:211 - rule Rename AESECB to CRYP_AES_ECB is applicable
2020-10-14 13:00:49,354 [INFO] Rule:211 - rule Rename AESCBC to CRYP_AES_CBC is applicable
2020-10-14 13:00:49,354 [INFO] Rule:211 - rule Rename AESCTR to CRYP_AES_CTR is applicable
2020-10-14 13:00:49,354 [INFO] Rule:211 - rule Rename AESGCM to CRYP_AES_GCM is applicable
2020-10-14 13:00:49,354 [INFO] Rule:211 - rule Rename AESCCM to CRYP_AES_CCM is applicable
2020-10-14 13:00:49,354 [INFO] Rule:211 - rule Rename CAN TimeSeg1 to BS1 is applicable
2020-10-14 13:00:49,354 [INFO] Rule:211 - rule Rename CAN TimeSeg2 to BS2 is applicable
2020-10-14 13:00:49,356 [INFO] Rule:211 - rule Rename CAN SyncJumpWidth to SJW is applicable
2020-10-14 13:00:49,356 [INFO] Rule:211 - rule TimeTriggeredMode to TTCM is applicable
2020-10-14 13:00:49,356 [INFO] Rule:211 - rule Rename CAN AutoBusOff to ABOM is applicable
2020-10-14 13:00:49,356 [INFO] Rule:211 - rule Rename CAN AutoWakeUp to AWUM is applicable
2020-10-14 13:00:49,356 [INFO] Rule:211 - rule Rename CAN AutoRetransmission to NART is applicable
2020-10-14 13:00:49,356 [INFO] Rule:211 - rule Rename CAN ReceiveFifoLocked to RFLM is applicable
2020-10-14 13:00:49,356 [INFO] Rule:211 - rule Rename CAN TransmitFifoPriority to TXFP is applicable
2020-10-14 13:00:49,356 [INFO] Rule:211 - rule Rename HRTIMER HRTIM_OUTPUTFAULTLEVEL_HIGH in HRTIMER HRTIM_OUTPUTFAULTLEVEL_HIGHZ is applicable
2020-10-14 13:00:49,356 [INFO] Rule:211 - rule Rename TIMER TIM_CLEARINPUTSOURCE_OCREFCLR in  TIMER TIM_CLEARINPUTSOURCE_NONE for F7 family is applicable
2020-10-14 13:00:49,356 [INFO] Rule:211 - rule FDCAN_R1 - Rename FDCAN mode Master into Classic is applicable
2020-10-14 13:00:49,356 [INFO] Rule:211 - rule FDCAN_R2 - Rename FDCAN mode Slave into Classic is applicable
2020-10-14 13:00:49,356 [INFO] Rule:211 - rule FDCAN1_R3 - if PA10.Mode=FullDuplex, add Pin PA12 is applicable
2020-10-14 13:00:49,357 [INFO] Rule:211 - rule FDCAN1_R3 - if PA9.Mode=FullDuplex, add Pin PA11 is applicable
2020-10-14 13:00:49,357 [INFO] Rule:211 - rule FDCAN1_R3 - Alternatepin_1 - if PE1.Mode=FullDuplex, add Pin PB9 is applicable
2020-10-14 13:00:49,357 [INFO] Rule:211 - rule FDCAN1_R3 - Alternatepin_1 - if PE0.Mode=FullDuplex, add Pin PB8 is applicable
2020-10-14 13:00:49,357 [INFO] Rule:211 - rule FDCAN1_R3 - Alternatepin_2 - if PD5.Mode=FullDuplex, add Pin PD1 is applicable
2020-10-14 13:00:49,357 [INFO] Rule:211 - rule FDCAN1_R3 - Alternatepin_2 - if PD4.Mode=FullDuplex, add Pin PD0 is applicable
2020-10-14 13:00:49,357 [INFO] Rule:211 - rule FDCAN1_R4 - Rename Mode FullDuplex into Enable FDCAN_TXFD for pin PA10 is applicable
2020-10-14 13:00:49,357 [INFO] Rule:211 - rule FDCAN1_R4 - Rename Mode FullDuplex into Enable FDCAN_TXFD for pin PA9 is applicable
2020-10-14 13:00:49,357 [INFO] Rule:211 - rule FDCAN1_R4 - Alternatepin_1 - Rename Mode FullDuplex into Enable FDCAN_TXFD for pin PE1 is applicable
2020-10-14 13:00:49,357 [INFO] Rule:211 - rule FDCAN1_R4 - Alternatepin_1 - Rename Mode FullDuplex into Enable FDCAN_TXFD for pin PE0 is applicable
2020-10-14 13:00:49,357 [INFO] Rule:211 - rule FDCAN1_R4 - Alternatepin_2 - Rename Mode FullDuplex into Enable FDCAN_TXFD for pin PD5 is applicable
2020-10-14 13:00:49,357 [INFO] Rule:211 - rule FDCAN1_R4 - Alternatepin_2 - Rename Mode FullDuplex into Enable FDCAN_TXFD for pin PD4 is applicable
2020-10-14 13:00:49,357 [INFO] Rule:211 - rule FDCAN2_R3 - if PD10.Mode=FullDuplex, add Pin PB13 is applicable
2020-10-14 13:00:49,357 [INFO] Rule:211 - rule FDCAN2_R3 - if PD9.Mode=FullDuplex, add Pin PB12 is applicable
2020-10-14 13:00:49,357 [INFO] Rule:211 - rule FDCAN2_R3 - Alternatepin_1 - if PB7.Mode=FullDuplex, add Pin PB6 is applicable
2020-10-14 13:00:49,357 [INFO] Rule:211 - rule FDCAN2_R3 - Alternatepin_1 - if PD9.Mode=FullDuplex, add Pin PB12 is applicable
2020-10-14 13:00:49,357 [INFO] Rule:211 - rule FDCAN2_R4 - Rename Mode FullDuplex into Enable FDCAN_TXFD for pin PD10 is applicable
2020-10-14 13:00:49,357 [INFO] Rule:211 - rule FDCAN2_R4 - Rename Mode FullDuplex into Enable FDCAN_TXFD for pin PD9 is applicable
2020-10-14 13:00:49,357 [INFO] Rule:211 - rule FDCAN2_R4 - Alternatepin_1 - Rename Mode FullDuplex into Enable FDCAN_TXFD for pin PB7 is applicable
2020-10-14 13:00:49,357 [INFO] Rule:211 - rule FDCAN2_R4 - Alternatepin_1 - Rename Mode FullDuplex into Enable FDCAN_TXFD for pin PD6 is applicable
2020-10-14 13:00:49,357 [INFO] Rule:211 - rule USART TxPinLevelInvertParam Mode is applicable
2020-10-14 13:00:49,357 [INFO] Rule:211 - rule USART RxPinLevelInvertParam Mode is applicable
2020-10-14 13:00:49,357 [INFO] Rule:211 - rule USART DataInvertParam Mode is applicable
2020-10-14 13:00:49,357 [INFO] Rule:211 - rule USART SwapParam Mode is applicable
2020-10-14 13:00:49,357 [INFO] Rule:211 - rule USART OverrunDisableParam Mode is applicable
2020-10-14 13:00:49,357 [INFO] Rule:211 - rule USART DMADisableonRxErrorParam Mode is applicable
2020-10-14 13:00:49,357 [INFO] Rule:211 - rule USART MSBFirstParam Mode is applicable
2020-10-14 13:00:49,357 [INFO] Rule:211 - rule Update MwName for USB_DEVICE is applicable
2020-10-14 13:00:49,357 [INFO] Rule:211 - rule Change PWR_Regulator_Voltage_Scale Default Value for RCC  H7 family is applicable
2020-10-14 13:00:49,357 [INFO] Rule:211 - rule UART/USART IPParameter rename Prescaler parameter to ClockPrescaler is applicable
2020-10-14 13:00:49,357 [INFO] Rule:211 - rule UART/USART Prescaler rename Prescaler parameter to ClockPrescaler is applicable
2020-10-14 13:00:49,357 [INFO] Rule:211 - rule TIM1CLockSelection is applicable
2020-10-14 13:00:49,357 [INFO] Rule:211 - rule TIM15CLockSelection is applicable
2020-10-14 13:00:49,357 [INFO] Rule:211 - rule align RCC SDMMC3CLockSelection default value on MP1 is applicable
2020-10-14 13:00:49,357 [INFO] Rule:211 - rule align RCC SDMMC12CLockSelection default value on MP1 is applicable
2020-10-14 13:00:49,357 [INFO] Rule:211 - rule align RCC QSPICLockSelection default value on MP1 is applicable
2020-10-14 13:00:49,357 [INFO] Rule:211 - rule align RCC QSPICLockSelection default value on MP1 is applicable
2020-10-14 13:00:49,357 [INFO] Rule:211 - rule align RCC SPI6CLockSelection default value on MP1 is applicable
2020-10-14 13:00:49,357 [INFO] Rule:211 - rule align RCC LPTIM23CLockSelection default value on MP1 is applicable
2020-10-14 13:00:49,357 [INFO] Rule:211 - rule align RCC LPTIM1CLockSelection default value on MP1 is applicable
2020-10-14 13:00:49,357 [INFO] Rule:211 - rule align RCC USART1CLockSelection default value on MP1 is applicable
2020-10-14 13:00:49,357 [INFO] Rule:211 - rule align RCC USART24CLockSelection default value on MP1 is applicable
2020-10-14 13:00:49,357 [INFO] Rule:211 - rule align RCC USART6CLockSelection default value on MP1 is applicable
2020-10-14 13:00:49,357 [INFO] Rule:211 - rule align RCC UART78CLockSelection default value on MP1 is applicable
2020-10-14 13:00:49,357 [INFO] Rule:211 - rule align RCC USART35CLockSelection default value on MP1 is applicable
2020-10-14 13:00:49,360 [INFO] Rule:211 - rule align RCC SPI45CLockSelection default value on MP1 is applicable
2020-10-14 13:00:49,360 [INFO] Rule:211 - rule align RCC I2C46CLockSelection BCLK value on MP1 is applicable
2020-10-14 13:00:49,360 [INFO] Rule:211 - rule align RCC SPI45CLockSelection default value on MP1 is applicable
2020-10-14 13:00:49,360 [INFO] Rule:211 - rule align RCC I2C12CLockSelection default value on MP1 is applicable
2020-10-14 13:00:49,360 [INFO] Rule:211 - rule align RCC I2C35CLockSelection default value on MP1 is applicable
2020-10-14 13:00:49,360 [INFO] Rule:211 - rule align RCC LPTIM45CLockSelection default value on MP1 is applicable
2020-10-14 13:00:49,360 [INFO] Rule:211 - rule Rename DCMI PIXCK signal is applicable
2020-10-14 13:00:49,360 [INFO] Rule:211 - rule Change Default Value for I2C46CLockSelection MP1 family is applicable
2020-10-14 13:00:49,361 [INFO] Rule:211 - rule Change Default Value for UART for G4, G0 and WB families is applicable
2020-10-14 13:00:49,361 [INFO] Rule:211 - rule Change Default Value for USART for G4, G0 and WB families is applicable
2020-10-14 13:00:49,361 [INFO] Rule:211 - rule Change Default Value for USART for G4 family is applicable
2020-10-14 13:00:49,361 [INFO] Rule:211 - rule Change USART1CLockSelection refparam name for MP1 is applicable
2020-10-14 13:00:49,361 [INFO] Rule:211 - rule Change USART2CLockSelection refparam name for MP1 is applicable
2020-10-14 13:00:49,361 [INFO] Rule:211 - rule Change USART3CLockSelection refparam name for MP1 is applicable
2020-10-14 13:00:49,361 [INFO] Rule:211 - rule Change UART4CLockSelection refparam name for MP1 is applicable
2020-10-14 13:00:49,361 [INFO] Rule:211 - rule Change UART5CLockSelection refparam name for MP1 is applicable
2020-10-14 13:00:49,361 [INFO] Rule:211 - rule Change LPUART1CLockSelection refparam name for MP1 is applicable
2020-10-14 13:00:49,361 [INFO] Rule:211 - rule Change LPTIM1CLockSelection refparam name for MP1 is applicable
2020-10-14 13:00:49,361 [INFO] Rule:211 - rule Change LPTIM2CLockSelection refparam name for MP1 is applicable
2020-10-14 13:00:49,361 [INFO] Rule:211 - rule Change RCC_MCO1Source refparam name for MP1 is applicable
2020-10-14 13:00:49,361 [INFO] Rule:211 - rule Change LSCOSource1 refparam name for MP1 is applicable
2020-10-14 13:00:49,362 [INFO] Rule:211 - rule Change SMPSCLockSelection refparam name for MP1 is applicable
2020-10-14 13:00:49,362 [INFO] Rule:211 - rule Change LPTIM3CLockSelection refparam name for MP1 is applicable
2020-10-14 13:00:49,362 [INFO] Rule:211 - rule Change MPCBB* Default Template Mode to Parameters is applicable
2020-10-14 13:00:49,362 [INFO] Rule:211 - rule Change MPCWM* or MPCBB* Secure Mode to Parameters is applicable
2020-10-14 13:00:49,362 [INFO] Rule:211 - rule Change MPCWM* or MPCBB* No Secure Mode to Parameters is applicable
2020-10-14 13:00:49,362 [INFO] Rule:211 - rule Change TZSC IP Secure Mode to Parameters is applicable
2020-10-14 13:00:49,362 [INFO] Rule:211 - rule Change TZSC IP No Secure Mode to Parameters is applicable
2020-10-14 13:00:49,362 [INFO] Rule:211 - rule Change TZSC IP Privilege Mode to Parameters is applicable
2020-10-14 13:00:49,362 [INFO] Rule:211 - rule Change TZSC IP No Privilege Mode to Parameters is applicable
2020-10-14 13:00:49,362 [INFO] Rule:211 - rule Change TZIC IT Secure Mode to Parameters is applicable
2020-10-14 13:00:49,362 [INFO] Rule:211 - rule Change TZIC IT No Secure Mode to Parameters is applicable
2020-10-14 13:00:49,362 [INFO] Rule:211 - rule Add MPCBB1_NonSecureArea_Start_Address value with referenced to MPCBB1_NonSecureArea_Start value is applicable
2020-10-14 13:00:49,362 [INFO] Rule:211 - rule Add MPCBB2_NonSecureArea_Start_Address value with referenced to MPCBB2_NonSecureArea_Start value is applicable
2020-10-14 13:00:49,362 [INFO] Rule:211 - rule Add MPCWM1_NonSecureArea*_Start_Address value with referenced to MPCWM1_NonSecureArea*_Start value is applicable
2020-10-14 13:00:49,362 [INFO] Rule:211 - rule Add MPCWM2_NonSecureArea*_Start_Address value with referenced to MPCWM2_NonSecureArea*_Start value is applicable
2020-10-14 13:00:49,362 [INFO] Rule:211 - rule Add MPCWM3_NonSecureArea_Start_Address value with referenced to MPCWM3_NonSecureArea_Start value is applicable
2020-10-14 13:00:49,362 [INFO] Rule:211 - rule Change Default Value for PLL1UserDefinedConfig is applicable
2020-10-14 13:00:49,362 [INFO] Rule:211 - rule Change GPIO_PuPd Default Value for USART in async mode is applicable
2020-10-14 13:00:49,362 [INFO] Rule:211 - rule Change SMPSDivider Default Value is applicable
2020-10-14 13:00:49,362 [INFO] Rule:211 - rule OPAMP is applicable
2020-10-14 13:00:49,365 [INFO] DbConfProperties:294 - Apply Compatibility (21/142 Rules)
2020-10-14 13:00:49,409 [INFO] ImportTextPane:162 - (OptionalMessage_ERROR) Unable to find key (Mcu.ThirdPartyNb) in loaded IOC file
2020-10-14 13:00:49,499 [WARN] ApiManager:274 - Cannot register API 'Board Extension:IKS01A3' from pack STMicroelectronics.X-CUBE-MEMS1.8.1.1: no header file found
2020-10-14 13:00:49,502 [WARN] ApiManager:274 - Cannot register API 'Board Extension:IKS01A2' from pack STMicroelectronics.X-CUBE-MEMS1.8.1.1: no header file found
2020-10-14 13:00:49,502 [WARN] ApiManager:274 - Cannot register API 'Board Extension:IKS02A1' from pack STMicroelectronics.X-CUBE-MEMS1.8.1.1: no header file found
2020-10-14 13:00:49,502 [INFO] DependencyParser:915 - This component is not compatible with the current MCU : [1602599622621]
2020-10-14 13:00:49,502 [INFO] ThirdPartyModel:556 - Component with status : MCU_INCOMPATIBLE for condition : GFX01M1_Condition id : 1602599622606
2020-10-14 13:00:49,502 [INFO] DependencyParser:915 - This component is not compatible with the current MCU : [1602599622621]
2020-10-14 13:00:49,502 [INFO] ThirdPartyModel:556 - Component with status : MCU_INCOMPATIBLE for condition : GFX01M1_HelloWorld_Condition id : 1602599622608
2020-10-14 13:00:49,523 [WARN] ApiManager:274 - Cannot register API 'Board Extension:IKS01A3' from pack STMicroelectronics.X-CUBE-MEMS1.8.1.0: no header file found
2020-10-14 13:00:49,523 [WARN] ApiManager:274 - Cannot register API 'Board Extension:IKS01A2' from pack STMicroelectronics.X-CUBE-MEMS1.8.1.0: no header file found
2020-10-14 13:00:49,523 [WARN] ApiManager:274 - Cannot register API 'Board Extension:IKS02A1' from pack STMicroelectronics.X-CUBE-MEMS1.8.1.0: no header file found
2020-10-14 13:00:49,523 [INFO] RtosManager:456 - Registered RTOS mode: class=CMSIS, group=RTOS, mode=CMSIS_V1, owner=FREERTOS
2020-10-14 13:00:49,523 [INFO] RtosManager:456 - Registered RTOS mode: class=CMSIS, group=RTOS2, mode=CMSIS_V2, owner=FREERTOS
2020-10-14 13:00:49,523 [INFO] RtosManager:456 - Registered RTOS mode: class=RTOS, group=Core, mode=CMSIS_V1, owner=FREERTOS
2020-10-14 13:00:49,523 [INFO] RtosManager:456 - Registered RTOS mode: class=RTOS, group=Core, mode=CMSIS_V2, owner=FREERTOS
2020-10-14 13:00:49,523 [WARN] ModelIntegratedComponent:188 - Missing modes for component 1599471264030
2020-10-14 13:00:49,523 [WARN] ApiManager:274 - Cannot register API 'Wireless:BlueNRG-2' from pack STMicroelectronics.X-CUBE-BLE2.2.0.0: no header file found
2020-10-14 13:00:49,527 [WARN] ApiManager:274 - Cannot register API 'Board Extension:GNSS1A1' from pack STMicroelectronics.X-CUBE-GNSS1.5.0.0: no header file found
2020-10-14 13:00:49,527 [WARN] ApiManager:274 - Cannot register API 'Board Support:Custom' from pack STMicroelectronics.X-CUBE-GNSS1.5.0.0: no header file found
2020-10-14 13:00:49,527 [WARN] ApiManager:274 - Cannot register API 'Data Exchange:lib_gnss' from pack STMicroelectronics.X-CUBE-GNSS1.5.0.0: no header file found
2020-10-14 13:00:49,527 [WARN] ApiManager:274 - Cannot register API 'Board Extension:S2868A1' from pack STMicroelectronics.X-CUBE-SUBG2.2.0.0: no header file found
2020-10-14 13:00:49,527 [WARN] ApiManager:274 - Cannot register API 'Board Extension:S2868A2' from pack STMicroelectronics.X-CUBE-SUBG2.2.0.0: no header file found
2020-10-14 13:00:49,527 [WARN] ApiManager:274 - Cannot register API 'Board Extension:S2915A1' from pack STMicroelectronics.X-CUBE-SUBG2.2.0.0: no header file found
2020-10-14 13:00:49,527 [WARN] ApiManager:274 - Cannot register API 'Wireless:BlueNRG-MS' from pack STMicroelectronics.X-CUBE-BLE1.6.0.0: no header file found
2020-10-14 13:00:49,527 [WARN] ApiManager:274 - Cannot register API 'Wireless:BlueNRG-2' from pack STMicroelectronics.X-CUBE-BLE2.3.0.0: no header file found
2020-10-14 13:00:49,722 [INFO] ImportTextPane:162 - (OptionalMessage_ERROR) IP (RCC) : Parameter (ADCFreqValue) has invalid value (32000000)
2020-10-14 13:00:49,723 [INFO] ImportTextPane:162 - (OptionalMessage_ERROR) IP (RCC) : Invalid parameter (FamilyName)
2020-10-14 13:00:49,723 [INFO] ImportTextPane:162 - (OptionalMessage_ERROR) IP (RCC) : Parameter (MCOFreq_Value) has invalid value (64000000)
2020-10-14 13:00:49,723 [INFO] ImportTextPane:162 - (OptionalMessage_ERROR) IP (RCC) : Parameter (USBFreq_Value) has invalid value (64000000)
2020-10-14 13:00:49,928 [INFO] UtilMem:74 - End LoadConfig() Used Memory: 411048760 Bytes (763363328)
2020-10-14 13:00:49,929 [WARN] ThirdParty:741 - waiting for thirdparty lock release [change project]
2020-10-14 13:00:49,929 [INFO] ThirdParty:743 - entering critical section [change project]
2020-10-14 13:00:49,931 [INFO] ThirdParty:968 - CMSIS Pack Vendor :STMicroelectronics USB_HOST 2.0.0
2020-10-14 13:00:49,931 [INFO] ThirdParty:968 - CMSIS Pack Vendor :STMicroelectronics USB_DEVICE 3.0.0
2020-10-14 13:00:49,931 [INFO] ThirdParty:968 - CMSIS Pack Vendor :STMicroelectronics MBEDTLS 2.16.2
2020-10-14 13:00:49,931 [INFO] ThirdParty:968 - CMSIS Pack Vendor :STMicroelectronics MBEDTLS 2.14.1
2020-10-14 13:00:49,931 [INFO] ThirdParty:968 - CMSIS Pack Vendor :STMicroelectronics USB_DEVICE 2.0.0
2020-10-14 13:00:49,931 [INFO] ThirdParty:968 - CMSIS Pack Vendor :STMicroelectronics X-CUBE-MEMS1 8.1.1
2020-10-14 13:00:49,931 [INFO] ThirdParty:968 - CMSIS Pack Vendor :STMicroelectronics X-CUBE-DISPLAY 1.0.0
2020-10-14 13:00:49,931 [INFO] ThirdParty:968 - CMSIS Pack Vendor :STMicroelectronics X-CUBE-MEMS1 8.1.0
2020-10-14 13:00:49,931 [INFO] ThirdParty:968 - CMSIS Pack Vendor :STMicroelectronics FreeRTOS 0.0.1
2020-10-14 13:00:49,931 [INFO] ThirdParty:968 - CMSIS Pack Vendor :STMicroelectronics USB_DEVICE 1.0.0
2020-10-14 13:00:49,931 [INFO] ThirdParty:968 - CMSIS Pack Vendor :STMicroelectronics X-CUBE-BLE2 2.0.0
2020-10-14 13:00:49,931 [INFO] ThirdParty:968 - CMSIS Pack Vendor :STMicroelectronics X-CUBE-ALGOBUILD 1.1.0
2020-10-14 13:00:49,932 [INFO] ThirdParty:968 - CMSIS Pack Vendor :STMicroelectronics X-CUBE-GNSS1 5.0.0
2020-10-14 13:00:49,932 [INFO] ThirdParty:968 - CMSIS Pack Vendor :STMicroelectronics X-CUBE-SUBG2 2.0.0
2020-10-14 13:00:49,932 [INFO] ThirdParty:968 - CMSIS Pack Vendor :STMicroelectronics X-CUBE-BLE1 6.0.0
2020-10-14 13:00:49,932 [INFO] ThirdParty:968 - CMSIS Pack Vendor :STMicroelectronics lwIP 2.0.3
2020-10-14 13:00:49,932 [INFO] ThirdParty:968 - CMSIS Pack Vendor :STMicroelectronics lwIP 2.1.2
2020-10-14 13:00:49,932 [INFO] ThirdParty:968 - CMSIS Pack Vendor :STMicroelectronics USB_HOST 1.0.0
2020-10-14 13:00:49,932 [INFO] ThirdParty:968 - CMSIS Pack Vendor :STMicroelectronics X-CUBE-TOUCHGFX 4.15.0
2020-10-14 13:00:49,932 [INFO] ThirdParty:968 - CMSIS Pack Vendor :STMicroelectronics X-CUBE-TOUCHGFX 4.14.0
2020-10-14 13:00:49,932 [INFO] ThirdParty:968 - CMSIS Pack Vendor :STMicroelectronics X-CUBE-AI 5.2.0
2020-10-14 13:00:49,932 [INFO] ThirdParty:968 - CMSIS Pack Vendor :STMicroelectronics X-CUBE-AI 5.1.2
2020-10-14 13:00:49,932 [INFO] ThirdParty:968 - CMSIS Pack Vendor :STMicroelectronics X-CUBE-NFC4 2.0.0
2020-10-14 13:00:49,932 [INFO] ThirdParty:968 - CMSIS Pack Vendor :STMicroelectronics PDM2PCM 3.1.0
2020-10-14 13:00:49,932 [INFO] ThirdParty:968 - CMSIS Pack Vendor :STMicroelectronics X-CUBE-BLE2 3.0.0
2020-10-14 13:00:49,932 [INFO] ThirdParty:968 - CMSIS Pack Vendor :STMicroelectronics PDM2PCM 3.2.0
2020-10-14 13:00:49,932 [INFO] ThirdParty:968 - CMSIS Pack Vendor :STMicroelectronics PDM2PCM 3.3.0
2020-10-14 13:00:49,932 [INFO] ThirdParty:749 - exiting critical section [change project]
2020-10-14 13:00:50,287 [INFO] PinOutPanel:1418 - setPackage(No Configuration,No Configuration)
2020-10-14 13:00:50,289 [INFO] PinOutPanel:1418 - setPackage(STM32F103RBTx,LQFP64)
2020-10-14 13:00:50,822 [INFO] UtilMem:74 - Before build in PCC Used Memory: 450141864 Bytes (763363328)
2020-10-14 13:00:51,567 [INFO] SharedServices:71 - Folder for power plug-in: C:/Users/vanes/.stm32cubemx/plugins/power
2020-10-14 13:00:51,620 [INFO] SharedServices:71 - Folder for power plug-in: C:/Users/vanes/.stm32cubemx/plugins/power
2020-10-14 13:00:51,680 [INFO] SharedServices:71 - Folder for power plug-in: C:/Users/vanes/.stm32cubemx/plugins/power
2020-10-14 13:00:51,686 [INFO] SharedServices:71 - Folder for power plug-in: C:/Users/vanes/.stm32cubemx/plugins/power
2020-10-14 13:00:51,915 [INFO] UtilMem:74 - After build in PCC Used Memory: 503103152 Bytes (763363328)
2020-10-14 13:00:51,940 [INFO] IPUIPlugin:64 - create IPUIPlugin
2020-10-14 13:00:51,944 [INFO] IPUIPlugin:64 - create IPUIPlugin
2020-10-14 13:00:51,944 [INFO] IPUIPlugin:64 - create IPUIPlugin
2020-10-14 13:00:51,944 [INFO] IPUIPlugin:64 - create IPUIPlugin
2020-10-14 13:00:51,944 [INFO] IPUIPlugin:64 - create IPUIPlugin
2020-10-14 13:00:51,944 [INFO] IPUIPlugin:64 - create IPUIPlugin
2020-10-14 13:00:51,944 [INFO] IPUIPlugin:64 - create IPUIPlugin
2020-10-14 13:00:51,945 [INFO] IPUIPlugin:64 - create IPUIPlugin
2020-10-14 13:00:51,945 [INFO] IPUIPlugin:64 - create IPUIPlugin
2020-10-14 13:00:51,945 [INFO] IPUIPlugin:64 - create IPUIPlugin
2020-10-14 13:00:51,945 [INFO] IPUIPlugin:64 - create IPUIPlugin
2020-10-14 13:00:51,945 [INFO] IPUIPlugin:64 - create IPUIPlugin
2020-10-14 13:00:51,945 [INFO] IPUIPlugin:64 - create IPUIPlugin
2020-10-14 13:00:51,945 [INFO] IPUIPlugin:64 - create IPUIPlugin
2020-10-14 13:00:51,945 [INFO] IPUIPlugin:64 - create IPUIPlugin
2020-10-14 13:00:51,945 [INFO] IPUIPlugin:64 - create IPUIPlugin
2020-10-14 13:00:51,945 [INFO] IPUIPlugin:64 - create IPUIPlugin
2020-10-14 13:00:51,945 [INFO] IPUIPlugin:64 - create IPUIPlugin
2020-10-14 13:00:51,945 [INFO] IPUIPlugin:64 - create IPUIPlugin
2020-10-14 13:00:51,945 [INFO] IPUIPlugin:64 - create IPUIPlugin
2020-10-14 13:00:51,945 [INFO] IPUIPlugin:64 - create IPUIPlugin
2020-10-14 13:00:51,945 [INFO] IPUIPlugin:64 - create IPUIPlugin
2020-10-14 13:00:51,945 [INFO] IPUIPlugin:64 - create IPUIPlugin
2020-10-14 13:00:51,945 [INFO] IPUIPlugin:64 - create IPUIPlugin
2020-10-14 13:00:51,945 [INFO] IPUIPlugin:64 - create IPUIPlugin
2020-10-14 13:00:51,945 [INFO] IPUIPlugin:64 - create IPUIPlugin
2020-10-14 13:00:51,945 [INFO] IPUIPlugin:64 - create IPUIPlugin
2020-10-14 13:00:52,088 [INFO] LogOutputStream:76 - [STDOUT_REDIRECT] toolchainItems.length=====1
2020-10-14 13:00:52,383 [INFO] OpenFileManager:294 - Restore cursor
2020-10-14 13:00:52,840 [INFO] UtilMem:74 - End SaveConfig() Used Memory: 558801696 Bytes (763363328)
2020-10-14 13:00:52,965 [INFO] UtilMem:74 - End SaveConfig() Used Memory: 564081560 Bytes (763363328)
2020-10-14 13:00:53,477 [INFO] BlockDiagram:2729 - set Specific Code input for plugin: NVIC
2020-10-14 13:00:53,477 [INFO] BlockDiagram:2729 - set Specific Code input for plugin: USART
2020-10-14 13:00:53,477 [INFO] BlockDiagram:2729 - set Specific Code input for plugin: SYS
2020-10-14 13:00:53,477 [INFO] BlockDiagram:2729 - set Specific Code input for plugin: GPIO
2020-10-14 13:00:53,477 [INFO] BlockDiagram:2729 - set Specific Code input for plugin: RCC
2020-10-14 13:00:53,482 [INFO] CodeGenerator:622 - code generatio: config db path: D:\Programmes\ST\STM32CubeIDE_1.4.0\STM32CubeIDE\plugins\com.st.stm32cube.common.mx_6.0.0.202007160824\\db\
2020-10-14 13:00:54,218 [INFO] CodeEngine:188 - oldGeneratedFile, D:\stm32\mes_projets\LED_user_blinking\MXTmpFiles\license.tmp_save
2020-10-14 13:00:54,738 [INFO] CodeEngine:206 - Generated code: D:\stm32\mes_projets\LED_user_blinking\MXTmpFiles\license.tmp
2020-10-14 13:00:54,971 [INFO] CodeEngine:188 - oldGeneratedFile, D:\stm32\mes_projets\LED_user_blinking\MXTmpFiles\gpio.tmp_save
2020-10-14 13:00:55,107 [INFO] CodeEngine:206 - Generated code: D:\stm32\mes_projets\LED_user_blinking\MXTmpFiles\gpio.tmp
2020-10-14 13:00:55,248 [INFO] LogOutputStream:76 - [STDOUT_REDIRECT] Command line
2020-10-14 13:00:55,312 [INFO] CodeEngine:188 - oldGeneratedFile, D:\stm32\mes_projets\LED_user_blinking\Core\Src\stm32f1xx_it.c_save
2020-10-14 13:00:55,457 [INFO] CodeEngine:206 - Generated code: D:\stm32\mes_projets\LED_user_blinking\Core\Src\stm32f1xx_it.c
2020-10-14 13:00:55,504 [INFO] CodeEngine:188 - oldGeneratedFile, D:\stm32\mes_projets\LED_user_blinking\Core\Inc\stm32f1xx_it.h_save
2020-10-14 13:00:55,582 [INFO] CodeEngine:206 - Generated code: D:\stm32\mes_projets\LED_user_blinking\Core\Inc\stm32f1xx_it.h
2020-10-14 13:00:55,647 [INFO] CodeEngine:188 - oldGeneratedFile, D:\stm32\mes_projets\LED_user_blinking\Core\Src\stm32f1xx_hal_msp.c_save
2020-10-14 13:00:55,787 [INFO] CodeEngine:206 - Generated code: D:\stm32\mes_projets\LED_user_blinking\Core\Src\stm32f1xx_hal_msp.c
2020-10-14 13:00:55,822 [INFO] CodeEngine:188 - oldGeneratedFile, D:\stm32\mes_projets\LED_user_blinking\MXTmpFiles\system.tmp_save
2020-10-14 13:00:55,886 [INFO] CodeEngine:206 - Generated code: D:\stm32\mes_projets\LED_user_blinking\MXTmpFiles\system.tmp
2020-10-14 13:00:55,947 [INFO] CodeEngine:188 - oldGeneratedFile, D:\stm32\mes_projets\LED_user_blinking\Core\Inc\stm32f1xx_hal_conf.h_save
2020-10-14 13:00:56,045 [INFO] CodeEngine:206 - Generated code: D:\stm32\mes_projets\LED_user_blinking\Core\Inc\stm32f1xx_hal_conf.h
2020-10-14 13:00:56,081 [WARN] IPConfigManager:2884 - IP not found : gpio
2020-10-14 13:00:56,081 [WARN] CodeGenerator:2866 - IP not found : gpio
2020-10-14 13:00:56,128 [INFO] CodeEngine:188 - oldGeneratedFile, D:\stm32\mes_projets\LED_user_blinking\Core\Inc\main.h_save
2020-10-14 13:00:56,216 [INFO] CodeEngine:206 - Generated code: D:\stm32\mes_projets\LED_user_blinking\Core\Inc\main.h
2020-10-14 13:00:56,266 [INFO] CodeEngine:188 - oldGeneratedFile, D:\stm32\mes_projets\LED_user_blinking\Core\Src\main.c_save
2020-10-14 13:00:56,425 [INFO] CodeEngine:206 - Generated code: D:\stm32\mes_projets\LED_user_blinking\Core\Src\main.c
2020-10-14 13:00:58,344 [INFO] ProjectBuilder:2168 - Time for Copy HAL[1] : 1294mS.
2020-10-14 13:00:58,355 [INFO] ProjectBuilder:2988 - Project Generator version: 3.10.0-B14
2020-10-14 13:00:58,864 [INFO] ConfigFileManager:1183 - The Die is : DIE410
2020-10-14 13:00:58,931 [INFO] ApiDbMcu:456 - Load IP Config File for FATFS
2020-10-14 13:00:58,950 [INFO] ApiDbMcu:456 - Load IP Config File for FREERTOS
2020-10-14 13:00:58,996 [INFO] ApiDbMcu:456 - Load IP Config File for USB_DEVICE
2020-10-14 13:01:13,078 [ERROR] root:96 - SUCCESS
2020-10-14 13:01:13,179 [INFO] ProjectBuilder:3155 - Time for Generating toolchain IDE Files: 14824mS.
2020-10-14 13:01:13,179 [INFO] ProjectBuilder:2044 - Time for Copy CMSIS : 0mS.
2020-10-14 13:01:13,179 [INFO] ProjectBuilder:2044 - Time for Copy CMSIS : 0mS.
2020-10-14 13:01:14,113 [INFO] ApiDb:226 - Save user favorites file C:\Users\vanes/.stm32cubeide/favorites.mcus.txt: 0 item(s)
2020-10-14 13:01:14,114 [INFO] ApiDb:230 - User favorites MCUs=[]
2020-10-14 13:01:14,116 [INFO] ApiDb:226 - Save user favorites file C:\Users\vanes/.stm32cubeide/favorites.boards.txt: 0 item(s)
2020-10-14 13:01:14,116 [INFO] ApiDb:230 - User favorites Boards=[]
2020-10-14 13:01:45,926 [INFO] UtilMem:74 - End SaveConfig() Used Memory: 640575408 Bytes (826277888)
2020-10-14 13:02:00,699 [INFO] UtilMem:74 - End SaveConfig() Used Memory: 673836984 Bytes (826277888)
2020-10-14 13:02:02,112 [INFO] UtilMem:74 - End SaveConfig() Used Memory: 692648440 Bytes (826277888)
2020-10-14 13:02:08,300 [INFO] UtilMem:74 - End SaveConfig() Used Memory: 499957552 Bytes (826277888)
2020-10-14 13:02:08,679 [INFO] BlockDiagram:2729 - set Specific Code input for plugin: NVIC
2020-10-14 13:02:08,679 [INFO] BlockDiagram:2729 - set Specific Code input for plugin: SYS
2020-10-14 13:02:08,679 [INFO] BlockDiagram:2729 - set Specific Code input for plugin: GPIO
2020-10-14 13:02:08,679 [INFO] BlockDiagram:2729 - set Specific Code input for plugin: RCC
2020-10-14 13:02:08,680 [INFO] CodeGenerator:622 - code generatio: config db path: D:\Programmes\ST\STM32CubeIDE_1.4.0\STM32CubeIDE\plugins\com.st.stm32cube.common.mx_6.0.0.202007160824\\db\
2020-10-14 13:02:08,930 [INFO] CodeEngine:188 - oldGeneratedFile, D:\stm32\mes_projets\LED_user_blinking\MXTmpFiles\license.tmp_save
2020-10-14 13:02:09,058 [INFO] CodeEngine:206 - Generated code: D:\stm32\mes_projets\LED_user_blinking\MXTmpFiles\license.tmp
2020-10-14 13:02:09,097 [INFO] CodeEngine:188 - oldGeneratedFile, D:\stm32\mes_projets\LED_user_blinking\MXTmpFiles\gpio.tmp_save
2020-10-14 13:02:09,171 [INFO] CodeEngine:206 - Generated code: D:\stm32\mes_projets\LED_user_blinking\MXTmpFiles\gpio.tmp
2020-10-14 13:02:09,214 [INFO] CodeEngine:188 - oldGeneratedFile, D:\stm32\mes_projets\LED_user_blinking\Core\Src\stm32f1xx_it.c_save
2020-10-14 13:02:09,322 [INFO] CodeEngine:206 - Generated code: D:\stm32\mes_projets\LED_user_blinking\Core\Src\stm32f1xx_it.c
2020-10-14 13:02:09,349 [INFO] CodeEngine:188 - oldGeneratedFile, D:\stm32\mes_projets\LED_user_blinking\Core\Inc\stm32f1xx_it.h_save
2020-10-14 13:02:09,432 [INFO] CodeEngine:206 - Generated code: D:\stm32\mes_projets\LED_user_blinking\Core\Inc\stm32f1xx_it.h
2020-10-14 13:02:09,473 [INFO] CodeEngine:188 - oldGeneratedFile, D:\stm32\mes_projets\LED_user_blinking\Core\Src\stm32f1xx_hal_msp.c_save
2020-10-14 13:02:09,582 [INFO] CodeEngine:206 - Generated code: D:\stm32\mes_projets\LED_user_blinking\Core\Src\stm32f1xx_hal_msp.c
2020-10-14 13:02:09,609 [INFO] CodeEngine:188 - oldGeneratedFile, D:\stm32\mes_projets\LED_user_blinking\MXTmpFiles\system.tmp_save
2020-10-14 13:02:09,655 [INFO] CodeEngine:206 - Generated code: D:\stm32\mes_projets\LED_user_blinking\MXTmpFiles\system.tmp
2020-10-14 13:02:09,688 [INFO] CodeEngine:188 - oldGeneratedFile, D:\stm32\mes_projets\LED_user_blinking\Core\Inc\stm32f1xx_hal_conf.h_save
2020-10-14 13:02:09,785 [INFO] CodeEngine:206 - Generated code: D:\stm32\mes_projets\LED_user_blinking\Core\Inc\stm32f1xx_hal_conf.h
2020-10-14 13:02:09,801 [WARN] IPConfigManager:2884 - IP not found : gpio
2020-10-14 13:02:09,802 [WARN] CodeGenerator:2866 - IP not found : gpio
2020-10-14 13:02:09,846 [INFO] CodeEngine:188 - oldGeneratedFile, D:\stm32\mes_projets\LED_user_blinking\Core\Inc\main.h_save
2020-10-14 13:02:09,945 [INFO] CodeEngine:206 - Generated code: D:\stm32\mes_projets\LED_user_blinking\Core\Inc\main.h
2020-10-14 13:02:10,037 [INFO] CodeEngine:188 - oldGeneratedFile, D:\stm32\mes_projets\LED_user_blinking\Core\Src\main.c_save
2020-10-14 13:02:10,148 [INFO] CodeEngine:206 - Generated code: D:\stm32\mes_projets\LED_user_blinking\Core\Src\main.c
2020-10-14 13:02:10,806 [INFO] ProjectBuilder:2168 - Time for Copy HAL[1] : 92mS.
2020-10-14 13:02:10,808 [INFO] ProjectBuilder:2988 - Project Generator version: 3.10.0-B14
2020-10-14 13:02:11,070 [INFO] ConfigFileManager:1183 - The Die is : DIE410
2020-10-14 13:02:13,034 [INFO] ProjectBuilder:3155 - Time for Generating toolchain IDE Files: 2226mS.
2020-10-14 13:02:13,034 [INFO] ProjectBuilder:2044 - Time for Copy CMSIS : 0mS.
2020-10-14 13:02:13,037 [INFO] ProjectBuilder:2044 - Time for Copy CMSIS : 0mS.
